<?xml version="1.0" encoding="UTF-8"?>
<testng-results ignored="0" total="1" passed="1" failed="0" skipped="0">
  <reporter-output>
  </reporter-output>
  <suite started-at="2023-05-31T08:38:39 EDT" name="Default suite" finished-at="2023-05-31T08:38:39 EDT" duration-ms="44">
    <groups>
    </groups>
    <test started-at="2023-05-31T08:38:39 EDT" name="Default test" finished-at="2023-05-31T08:38:39 EDT" duration-ms="44">
      <class name="com.testrun.ReadConfigFile">
        <test-method signature="getValue()[pri:0, instance:com.testrun.ReadConfigFile@169e6180]" started-at="2023-05-31T08:38:39 EDT" name="getValue" finished-at="2023-05-31T08:38:39 EDT" duration-ms="6" status="PASS">
          <reporter-output>
          </reporter-output>
        </test-method> <!-- getValue -->
      </class> <!-- com.testrun.ReadConfigFile -->
    </test> <!-- Default test -->
  </suite> <!-- Default suite -->
</testng-results>
